<?xml version="1.0" encoding="UTF-8"?>
<Site BuildName="(empty)"
	BuildStamp="20231214-0244-Experimental"
	Name="isl-900X5N"
	Generator="ctest-3.28.20231207-g52145c1"
	CompilerName="/usr/bin/g++"
	CompilerVersion="9.4.0"
	OSName="Linux"
	Hostname="isl-900X5N"
	OSRelease="5.15.0-91-generic"
	OSVersion="#101~20.04.1-Ubuntu SMP Thu Nov 16 14:22:28 UTC 2023"
	OSPlatform="x86_64"
	Is64Bits="1"
	VendorString="GenuineIntel"
	VendorID="Intel Corporation"
	FamilyID="6"
	ModelID="142"
	ProcessorCacheSize="4096"
	NumberOfLogicalCPU="4"
	NumberOfPhysicalCPU="2"
	TotalVirtualMemory="16383"
	TotalPhysicalMemory="15900"
	LogicalProcessorsPerPhysical="2"
	ProcessorClockFrequency="3446.53"
	>
	<Testing>
		<StartDateTime>Dec 14 20:48 KST</StartDateTime>
		<StartTestTime>1702554515</StartTestTime>
		<TestList/>
		<EndDateTime>Dec 14 20:48 KST</EndDateTime>
		<EndTestTime>1702554515</EndTestTime>
		<ElapsedMinutes>0</ElapsedMinutes>
	</Testing>
</Site>
